
*** Running vivado
    with args -log hex7seg.vds -m64 -product Vivado -mode batch -messageDb vivado.pb -notrace -source hex7seg.tcl



****** Vivado v2021.2 (64-bit)
  **** SW Build 3367213 on Tue Oct 19 02:48:09 MDT 2021
  **** IP Build 3369179 on Thu Oct 21 08:25:16 MDT 2021
    ** Copyright 1986-2021 Xilinx, Inc. All Rights Reserved.

source hex7seg.tcl -notrace
create_project: Time (s): cpu = 00:00:03 ; elapsed = 00:00:05 . Memory (MB): peak = 1537.121 ; gain = 0.000
Command: read_checkpoint -auto_incremental -incremental C:/Users/luke_mccubbin1/Box/CurrentClasses/SoC/Github/CR1/seven_seg/seven_seg/seven_seg.srcs/utils_1/imports/synth_1/hex7seg.dcp
INFO: [Vivado 12-5825] Read reference checkpoint from C:/Users/luke_mccubbin1/Box/CurrentClasses/SoC/Github/CR1/seven_seg/seven_seg/seven_seg.srcs/utils_1/imports/synth_1/hex7seg.dcp for incremental synthesis
INFO: [Vivado 12-7989] Please ensure there are no constraint changes
Command: synth_design -top hex7seg -part xc7a100tcsg324-1
Starting synth_design
Attempting to get a license for feature 'Synthesis' and/or device 'xc7a100t'
INFO: [Common 17-349] Got license for feature 'Synthesis' and/or device 'xc7a100t'
INFO: [Device 21-403] Loading part xc7a100tcsg324-1
WARNING: [Designutils 20-4072] Reference run did not run incremental synthesis because the design is too small; reverting to default synthesis
INFO: [Designutils 20-4379] Flow is switching to default flow due to incremental criteria not met. If you would like to alter this behaviour and have the flow terminate instead, please set the following parameter config_implementation {autoIncr.Synth.RejectBehavior Terminate}
INFO: [Synth 8-7079] Multithreading enabled for synth_design using a maximum of 2 processes.
INFO: [Synth 8-7078] Launching helper process for spawning children vivado processes
INFO: [Synth 8-7075] Helper process launched with PID 22976
---------------------------------------------------------------------------------
Starting RTL Elaboration : Time (s): cpu = 00:00:05 ; elapsed = 00:00:05 . Memory (MB): peak = 1537.121 ; gain = 0.000
---------------------------------------------------------------------------------
INFO: [Synth 8-6157] synthesizing module 'hex7seg' [C:/Users/luke_mccubbin1/Box/CurrentClasses/SoC/Github/CR1/seven_seg/seven_seg/seven_seg.srcs/sources_1/new/top_module.sv:22]
INFO: [Synth 8-226] default block is never used [C:/Users/luke_mccubbin1/Box/CurrentClasses/SoC/Github/CR1/seven_seg/seven_seg/seven_seg.srcs/sources_1/new/top_module.sv:44]
WARNING: [Synth 8-6014] Unused sequential element next_state_reg was removed.  [C:/Users/luke_mccubbin1/Box/CurrentClasses/SoC/Github/CR1/seven_seg/seven_seg/seven_seg.srcs/sources_1/new/top_module.sv:49]
INFO: [Synth 8-6155] done synthesizing module 'hex7seg' (1#1) [C:/Users/luke_mccubbin1/Box/CurrentClasses/SoC/Github/CR1/seven_seg/seven_seg/seven_seg.srcs/sources_1/new/top_module.sv:22]
WARNING: [Synth 8-3917] design hex7seg has port an[7] driven by constant 1
WARNING: [Synth 8-3917] design hex7seg has port an[6] driven by constant 1
WARNING: [Synth 8-3917] design hex7seg has port an[5] driven by constant 1
WARNING: [Synth 8-3917] design hex7seg has port an[4] driven by constant 1
WARNING: [Synth 8-3917] design hex7seg has port an[3] driven by constant 1
WARNING: [Synth 8-3917] design hex7seg has port an[2] driven by constant 1
WARNING: [Synth 8-3917] design hex7seg has port an[1] driven by constant 1
WARNING: [Synth 8-3917] design hex7seg has port an[0] driven by constant 1
WARNING: [Synth 8-7129] Port en in module hex7seg is either unconnected or has no load
WARNING: [Synth 8-7129] Port sel in module hex7seg is either unconnected or has no load
---------------------------------------------------------------------------------
Finished RTL Elaboration : Time (s): cpu = 00:00:06 ; elapsed = 00:00:06 . Memory (MB): peak = 1537.121 ; gain = 0.000
---------------------------------------------------------------------------------
---------------------------------------------------------------------------------
Start Handling Custom Attributes
---------------------------------------------------------------------------------
---------------------------------------------------------------------------------
Finished Handling Custom Attributes : Time (s): cpu = 00:00:06 ; elapsed = 00:00:07 . Memory (MB): peak = 1537.121 ; gain = 0.000
---------------------------------------------------------------------------------
---------------------------------------------------------------------------------
Finished RTL Optimization Phase 1 : Time (s): cpu = 00:00:06 ; elapsed = 00:00:07 . Memory (MB): peak = 1537.121 ; gain = 0.000
---------------------------------------------------------------------------------
Netlist sorting complete. Time (s): cpu = 00:00:00 ; elapsed = 00:00:00 . Memory (MB): peak = 1537.121 ; gain = 0.000
INFO: [Project 1-570] Preparing netlist for logic optimization

Processing XDC Constraints
Initializing timing engine
Parsing XDC File [C:/Users/luke_mccubbin1/Box/CurrentClasses/SoC/Github/CR1/seven_seg/Nexys-4-DDR-Master.xdc]
Finished Parsing XDC File [C:/Users/luke_mccubbin1/Box/CurrentClasses/SoC/Github/CR1/seven_seg/Nexys-4-DDR-Master.xdc]
INFO: [Project 1-236] Implementation specific constraints were found while reading constraint file [C:/Users/luke_mccubbin1/Box/CurrentClasses/SoC/Github/CR1/seven_seg/Nexys-4-DDR-Master.xdc]. These constraints will be ignored for synthesis but will be used in implementation. Impacted constraints are listed in the file [.Xil/hex7seg_propImpl.xdc].
Resolution: To avoid this warning, move constraints listed in [.Xil/hex7seg_propImpl.xdc] to another XDC file and exclude this new file from synthesis with the used_in_synthesis property (File Properties dialog in GUI) and re-run elaboration/synthesis.
Completed Processing XDC Constraints

Netlist sorting complete. Time (s): cpu = 00:00:00 ; elapsed = 00:00:00 . Memory (MB): peak = 1619.461 ; gain = 0.000
INFO: [Project 1-111] Unisim Transformation Summary:
No Unisim elements were transformed.

Constraint Validation Runtime : Time (s): cpu = 00:00:00 ; elapsed = 00:00:00.027 . Memory (MB): peak = 1619.461 ; gain = 0.000
WARNING: [Designutils 20-4072] Reference run did not run incremental synthesis because the design is too small; reverting to default synthesis
INFO: [Designutils 20-4379] Flow is switching to default flow due to incremental criteria not met. If you would like to alter this behaviour and have the flow terminate instead, please set the following parameter config_implementation {autoIncr.Synth.RejectBehavior Terminate}
---------------------------------------------------------------------------------
Finished Constraint Validation : Time (s): cpu = 00:00:12 ; elapsed = 00:00:14 . Memory (MB): peak = 1619.461 ; gain = 82.340
---------------------------------------------------------------------------------
---------------------------------------------------------------------------------
Start Loading Part and Timing Information
---------------------------------------------------------------------------------
Loading part: xc7a100tcsg324-1
---------------------------------------------------------------------------------
Finished Loading Part and Timing Information : Time (s): cpu = 00:00:12 ; elapsed = 00:00:14 . Memory (MB): peak = 1619.461 ; gain = 82.340
---------------------------------------------------------------------------------
---------------------------------------------------------------------------------
Start Applying 'set_property' XDC Constraints
---------------------------------------------------------------------------------
---------------------------------------------------------------------------------
Finished applying 'set_property' XDC Constraints : Time (s): cpu = 00:00:12 ; elapsed = 00:00:14 . Memory (MB): peak = 1619.461 ; gain = 82.340
---------------------------------------------------------------------------------
---------------------------------------------------------------------------------
Finished RTL Optimization Phase 2 : Time (s): cpu = 00:00:13 ; elapsed = 00:00:14 . Memory (MB): peak = 1619.461 ; gain = 82.340
---------------------------------------------------------------------------------
---------------------------------------------------------------------------------
Start RTL Component Statistics 
---------------------------------------------------------------------------------
Detailed RTL Component Info : 
+---Registers : 
	                7 Bit    Registers := 1     
	                4 Bit    Registers := 1     
	                3 Bit    Registers := 1     
+---Muxes : 
	   8 Input    7 Bit        Muxes := 1     
	   8 Input    4 Bit        Muxes := 1     
---------------------------------------------------------------------------------
Finished RTL Component Statistics 
---------------------------------------------------------------------------------
---------------------------------------------------------------------------------
Start Part Resource Summary
---------------------------------------------------------------------------------
Part Resources:
DSPs: 240 (col length:80)
BRAMs: 270 (col length: RAMB18 80 RAMB36 40)
---------------------------------------------------------------------------------
Finished Part Resource Summary
---------------------------------------------------------------------------------
---------------------------------------------------------------------------------
Start Cross Boundary and Area Optimization
---------------------------------------------------------------------------------
WARNING: [Synth 8-7080] Parallel synthesis criteria is not met
WARNING: [Synth 8-3917] design hex7seg has port an[7] driven by constant 0
WARNING: [Synth 8-3917] design hex7seg has port an[6] driven by constant 0
WARNING: [Synth 8-3917] design hex7seg has port an[5] driven by constant 0
WARNING: [Synth 8-3917] design hex7seg has port an[4] driven by constant 0
WARNING: [Synth 8-3917] design hex7seg has port an[3] driven by constant 1
WARNING: [Synth 8-3917] design hex7seg has port an[2] driven by constant 1
WARNING: [Synth 8-3917] design hex7seg has port an[1] driven by constant 1
WARNING: [Synth 8-3917] design hex7seg has port an[0] driven by constant 1
WARNING: [Synth 8-7129] Port en in module hex7seg is either unconnected or has no load
WARNING: [Synth 8-7129] Port sel in module hex7seg is either unconnected or has no load
CRITICAL WARNING: [Synth 8-6859] multi-driven net on pin an[3] with 1st driver pin 'an_data_reg[3]/Q' [C:/Users/luke_mccubbin1/Box/CurrentClasses/SoC/Github/CR1/seven_seg/seven_seg/seven_seg.srcs/sources_1/new/top_module.sv:47]
CRITICAL WARNING: [Synth 8-6859] multi-driven net on pin an[3] with 2nd driver pin 'VCC' [C:/Users/luke_mccubbin1/Box/CurrentClasses/SoC/Github/CR1/seven_seg/seven_seg/seven_seg.srcs/sources_1/new/top_module.sv:47]
CRITICAL WARNING: [Synth 8-6858] multi-driven net an[3] is connected to at least one constant driver which has been preserved, other driver is ignored [C:/Users/luke_mccubbin1/Box/CurrentClasses/SoC/Github/CR1/seven_seg/seven_seg/seven_seg.srcs/sources_1/new/top_module.sv:47]
CRITICAL WARNING: [Synth 8-6859] multi-driven net on pin an[2] with 1st driver pin 'an_data_reg[2]/Q' [C:/Users/luke_mccubbin1/Box/CurrentClasses/SoC/Github/CR1/seven_seg/seven_seg/seven_seg.srcs/sources_1/new/top_module.sv:47]
CRITICAL WARNING: [Synth 8-6859] multi-driven net on pin an[2] with 2nd driver pin 'VCC' [C:/Users/luke_mccubbin1/Box/CurrentClasses/SoC/Github/CR1/seven_seg/seven_seg/seven_seg.srcs/sources_1/new/top_module.sv:47]
CRITICAL WARNING: [Synth 8-6858] multi-driven net an[2] is connected to at least one constant driver which has been preserved, other driver is ignored [C:/Users/luke_mccubbin1/Box/CurrentClasses/SoC/Github/CR1/seven_seg/seven_seg/seven_seg.srcs/sources_1/new/top_module.sv:47]
CRITICAL WARNING: [Synth 8-6859] multi-driven net on pin an[1] with 1st driver pin 'an_data_reg[1]/Q' [C:/Users/luke_mccubbin1/Box/CurrentClasses/SoC/Github/CR1/seven_seg/seven_seg/seven_seg.srcs/sources_1/new/top_module.sv:47]
CRITICAL WARNING: [Synth 8-6859] multi-driven net on pin an[1] with 2nd driver pin 'VCC' [C:/Users/luke_mccubbin1/Box/CurrentClasses/SoC/Github/CR1/seven_seg/seven_seg/seven_seg.srcs/sources_1/new/top_module.sv:47]
CRITICAL WARNING: [Synth 8-6858] multi-driven net an[1] is connected to at least one constant driver which has been preserved, other driver is ignored [C:/Users/luke_mccubbin1/Box/CurrentClasses/SoC/Github/CR1/seven_seg/seven_seg/seven_seg.srcs/sources_1/new/top_module.sv:47]
CRITICAL WARNING: [Synth 8-6859] multi-driven net on pin an[0] with 1st driver pin 'an_data_reg[0]/Q' [C:/Users/luke_mccubbin1/Box/CurrentClasses/SoC/Github/CR1/seven_seg/seven_seg/seven_seg.srcs/sources_1/new/top_module.sv:47]
CRITICAL WARNING: [Synth 8-6859] multi-driven net on pin an[0] with 2nd driver pin 'VCC' [C:/Users/luke_mccubbin1/Box/CurrentClasses/SoC/Github/CR1/seven_seg/seven_seg/seven_seg.srcs/sources_1/new/top_module.sv:47]
CRITICAL WARNING: [Synth 8-6858] multi-driven net an[0] is connected to at least one constant driver which has been preserved, other driver is ignored [C:/Users/luke_mccubbin1/Box/CurrentClasses/SoC/Github/CR1/seven_seg/seven_seg/seven_seg.srcs/sources_1/new/top_module.sv:47]
---------------------------------------------------------------------------------
Finished Cross Boundary and Area Optimization : Time (s): cpu = 00:00:14 ; elapsed = 00:00:16 . Memory (MB): peak = 1619.461 ; gain = 82.340
---------------------------------------------------------------------------------
---------------------------------------------------------------------------------
Start Applying XDC Timing Constraints
---------------------------------------------------------------------------------
---------------------------------------------------------------------------------
Finished Applying XDC Timing Constraints : Time (s): cpu = 00:00:19 ; elapsed = 00:00:22 . Memory (MB): peak = 1619.461 ; gain = 82.340
---------------------------------------------------------------------------------
---------------------------------------------------------------------------------
Start Timing Optimization
---------------------------------------------------------------------------------
---------------------------------------------------------------------------------
Finished Timing Optimization : Time (s): cpu = 00:00:19 ; elapsed = 00:00:22 . Memory (MB): peak = 1619.461 ; gain = 82.340
---------------------------------------------------------------------------------
---------------------------------------------------------------------------------
Start Technology Mapping
---------------------------------------------------------------------------------
---------------------------------------------------------------------------------
Finished Technology Mapping : Time (s): cpu = 00:00:19 ; elapsed = 00:00:22 . Memory (MB): peak = 1619.461 ; gain = 82.340
---------------------------------------------------------------------------------
---------------------------------------------------------------------------------
Start IO Insertion
---------------------------------------------------------------------------------
---------------------------------------------------------------------------------
Start Flattening Before IO Insertion
---------------------------------------------------------------------------------
---------------------------------------------------------------------------------
Finished Flattening Before IO Insertion
---------------------------------------------------------------------------------
---------------------------------------------------------------------------------
Start Final Netlist Cleanup
---------------------------------------------------------------------------------
---------------------------------------------------------------------------------
Finished Final Netlist Cleanup
---------------------------------------------------------------------------------
---------------------------------------------------------------------------------
Finished IO Insertion : Time (s): cpu = 00:00:24 ; elapsed = 00:00:26 . Memory (MB): peak = 1619.461 ; gain = 82.340
---------------------------------------------------------------------------------
---------------------------------------------------------------------------------
Start Renaming Generated Instances
---------------------------------------------------------------------------------
---------------------------------------------------------------------------------
Finished Renaming Generated Instances : Time (s): cpu = 00:00:24 ; elapsed = 00:00:26 . Memory (MB): peak = 1619.461 ; gain = 82.340
---------------------------------------------------------------------------------
---------------------------------------------------------------------------------
Start Rebuilding User Hierarchy
---------------------------------------------------------------------------------
---------------------------------------------------------------------------------
Finished Rebuilding User Hierarchy : Time (s): cpu = 00:00:24 ; elapsed = 00:00:26 . Memory (MB): peak = 1619.461 ; gain = 82.340
---------------------------------------------------------------------------------
---------------------------------------------------------------------------------
Start Renaming Generated Ports
---------------------------------------------------------------------------------
---------------------------------------------------------------------------------
Finished Renaming Generated Ports : Time (s): cpu = 00:00:24 ; elapsed = 00:00:26 . Memory (MB): peak = 1619.461 ; gain = 82.340
---------------------------------------------------------------------------------
---------------------------------------------------------------------------------
Start Handling Custom Attributes
---------------------------------------------------------------------------------
---------------------------------------------------------------------------------
Finished Handling Custom Attributes : Time (s): cpu = 00:00:24 ; elapsed = 00:00:26 . Memory (MB): peak = 1619.461 ; gain = 82.340
---------------------------------------------------------------------------------
---------------------------------------------------------------------------------
Start Renaming Generated Nets
---------------------------------------------------------------------------------
---------------------------------------------------------------------------------
Finished Renaming Generated Nets : Time (s): cpu = 00:00:24 ; elapsed = 00:00:26 . Memory (MB): peak = 1619.461 ; gain = 82.340
---------------------------------------------------------------------------------
---------------------------------------------------------------------------------
Start Writing Synthesis Report
---------------------------------------------------------------------------------

Report BlackBoxes: 
+-+--------------+----------+
| |BlackBox name |Instances |
+-+--------------+----------+
+-+--------------+----------+

Report Cell Usage: 
+------+-----+------+
|      |Cell |Count |
+------+-----+------+
|1     |OBUF |    15|
+------+-----+------+
---------------------------------------------------------------------------------
Finished Writing Synthesis Report : Time (s): cpu = 00:00:24 ; elapsed = 00:00:26 . Memory (MB): peak = 1619.461 ; gain = 82.340
---------------------------------------------------------------------------------
Synthesis finished with 0 errors, 12 critical warnings and 11 warnings.
Synthesis Optimization Runtime : Time (s): cpu = 00:00:16 ; elapsed = 00:00:24 . Memory (MB): peak = 1619.461 ; gain = 0.000
Synthesis Optimization Complete : Time (s): cpu = 00:00:24 ; elapsed = 00:00:26 . Memory (MB): peak = 1619.461 ; gain = 82.340
INFO: [Project 1-571] Translating synthesized netlist
Netlist sorting complete. Time (s): cpu = 00:00:00 ; elapsed = 00:00:00 . Memory (MB): peak = 1619.461 ; gain = 0.000
INFO: [Project 1-570] Preparing netlist for logic optimization
INFO: [Opt 31-138] Pushed 0 inverter(s) to 0 load pin(s).
Netlist sorting complete. Time (s): cpu = 00:00:00 ; elapsed = 00:00:00 . Memory (MB): peak = 1619.461 ; gain = 0.000
INFO: [Project 1-111] Unisim Transformation Summary:
No Unisim elements were transformed.

Synth Design complete, checksum: 99f94f44
INFO: [Common 17-83] Releasing license: Synthesis
20 Infos, 24 Warnings, 12 Critical Warnings and 0 Errors encountered.
synth_design completed successfully
synth_design: Time (s): cpu = 00:00:28 ; elapsed = 00:00:37 . Memory (MB): peak = 1619.461 ; gain = 82.340
INFO: [runtcl-6] Synthesis results are not added to the cache due to CRITICAL_WARNING
INFO: [Common 17-1381] The checkpoint 'C:/Users/luke_mccubbin1/Box/CurrentClasses/SoC/Github/CR1/seven_seg/seven_seg/seven_seg.runs/synth_1/hex7seg.dcp' has been generated.
INFO: [runtcl-4] Executing : report_utilization -file hex7seg_utilization_synth.rpt -pb hex7seg_utilization_synth.pb
INFO: [Common 17-206] Exiting Vivado at Tue Sep  5 23:35:30 2023...
